<?xml version="1.0" encoding="UTF-8"?>
<testsuite xmlns:xsi="http://www.w3.org/2001/XMLSchema-instance" xsi:noNamespaceSchemaLocation="https://maven.apache.org/surefire/maven-surefire-plugin/xsd/surefire-test-report.xsd" version="3.0.2" name="com.assured.tests.T01_LoginTest" time="97.195" tests="11" errors="0" skipped="0" failures="0">
  <properties>
[...]
</properties>
  <testcase name="loginWithValidCredentials[{EMAIL=cashierngan023@gmail.com, PASSWORD=abc12}](1)" classname="com.assured.tests.T01_LoginTest" time="0.744">
    <system-out><![CDATA[2025-02-22T14:35:03.673208900Z main INFO Starting configuration org.apache.logging.log4j.core.config.properties.PropertiesConfiguration@13006998...
2025-02-22T14:35:03.677197300Z main INFO Start watching for changes to C:\Users\Gnana\IdeaProjects\PlaywrightJava\target\classes\log4j2.properties every 0 seconds
2025-02-22T14:35:03.677197300Z main INFO Configuration org.apache.logging.log4j.core.config.properties.PropertiesConfiguration@13006998 started.
2025-02-22T14:35:03.679152200Z main INFO Stopping configuration org.apache.logging.log4j.core.config.DefaultConfiguration@1c7fd41f...
2025-02-22T14:35:03.680148100Z main INFO Configuration org.apache.logging.log4j.core.config.DefaultConfiguration@1c7fd41f stopped.
[INFO] 22-02-2025 20:05:03 [LogUtils] - Warning !! Can not Load All File.
[INFO] 22-02-2025 20:05:03 [LogUtils] - Excel File: C:\Users\Gnana\IdeaProjects\PlaywrightJava\src/test/resources/testdata/Common/ProviderData.xlsx
[INFO] 22-02-2025 20:05:03 [LogUtils] - Sheet Name: SignIn
[INFO] 22-02-2025 20:05:05 [LogUtils] - Row: 10 - Column: 2
[INFO] 22-02-2025 20:05:05 [LogUtils] - StartRow: 2 - EndRow: 6
getSignInData: [[Ljava.lang.Object;@27ace0b1
[INFO] 22-02-2025 20:05:05 [LogUtils] - Creating Playwright instance using factory method...
[INFO] 22-02-2025 20:05:05 [LogUtils] - Creating Playwright instance using factory method...
[INFO] 22-02-2025 20:05:05 [LogUtils] - Creating Playwright instance using factory method...
[INFO] 22-02-2025 20:05:05 [LogUtils] - Creating Playwright instance using factory method...
[INFO] 22-02-2025 20:05:05 [LogUtils] - Creating Playwright instance using factory method...
[INFO] 22-02-2025 20:05:18 [LogUtils] - Page instance created: com.microsoft.playwright.impl.PageImpl@3141a723
[INFO] 22-02-2025 20:05:18 [LogUtils] - Set Excel File: src/test/resources/testdata/Common/ProviderData.xlsx
[INFO] 22-02-2025 20:05:18 [LogUtils] - Sheet Name: SignIn
[INFO] 22-02-2025 20:05:19 [LogUtils] - Navigating to URL: https://staging.withassured.com/sign-in
[INFO] 22-02-2025 20:05:19 [LogUtils] - ExtentTest instance is null. Test info: Navigating to URL: https://staging.withassured.com/sign-in
[INFO] 22-02-2025 20:05:19 [LogUtils] - Test info: Navigating to URL: https://staging.withassured.com/sign-in
[INFO] 22-02-2025 20:05:20 [LogUtils] - Page instance created: com.microsoft.playwright.impl.PageImpl@5adc0b21
[INFO] 22-02-2025 20:05:20 [LogUtils] - Set Excel File: src/test/resources/testdata/Common/ProviderData.xlsx
[INFO] 22-02-2025 20:05:20 [LogUtils] - Sheet Name: SignIn
[ERROR] 22-02-2025 20:05:20 [LogUtils] - Failed to capture screenshot: Illegal char <:> at index 34: screenshots\navigate_22/02/2025 20:05:20.png
[INFO] 22-02-2025 20:05:20 [LogUtils] - Filling in email: cashierngan023@gmail.com
[INFO] 22-02-2025 20:05:20 [LogUtils] - ExtentTest instance is null. Test info: Filling text into element with selector: //*[@id='normal_login_email'] | Value: cashierngan023@gmail.com
[INFO] 22-02-2025 20:05:20 [LogUtils] - Test info: Filling text into element with selector: //*[@id='normal_login_email'] | Value: cashierngan023@gmail.com
[INFO] 22-02-2025 20:05:20 [LogUtils] - Navigating to URL: https://staging.withassured.com/sign-in
[INFO] 22-02-2025 20:05:20 [LogUtils] - ExtentTest instance is null. Test info: Navigating to URL: https://staging.withassured.com/sign-in
[INFO] 22-02-2025 20:05:20 [LogUtils] - Test info: Navigating to URL: https://staging.withassured.com/sign-in
[INFO] 22-02-2025 20:05:22 [LogUtils] - Filled element with selector: //*[@id='normal_login_email'] with text: cashierngan023@gmail.com
[ERROR] 22-02-2025 20:05:22 [LogUtils] - Failed to capture screenshot: Illegal char <:> at index 33: screenshots\setText_22/02/2025 20:05:22.png
[INFO] 22-02-2025 20:05:22 [LogUtils] - Filling in password.
[INFO] 22-02-2025 20:05:22 [LogUtils] - ExtentTest instance is null. Test info: Filling text into element with selector: //*[@id='normal_login_password'] | Value: abc12
[INFO] 22-02-2025 20:05:22 [LogUtils] - Test info: Filling text into element with selector: //*[@id='normal_login_password'] | Value: abc12
[ERROR] 22-02-2025 20:05:23 [LogUtils] - Failed to capture screenshot: Illegal char <:> at index 34: screenshots\navigate_22/02/2025 20:05:23.png
[INFO] 22-02-2025 20:05:23 [LogUtils] - Filling in email: qazdqsd@lk.com
[INFO] 22-02-2025 20:05:23 [LogUtils] - ExtentTest instance is null. Test info: Filling text into element with selector: //*[@id='normal_login_email'] | Value: qazdqsd@lk.com
[INFO] 22-02-2025 20:05:23 [LogUtils] - Test info: Filling text into element with selector: //*[@id='normal_login_email'] | Value: qazdqsd@lk.com
[INFO] 22-02-2025 20:05:23 [LogUtils] - Filled element with selector: //*[@id='normal_login_password'] with text: abc12
[ERROR] 22-02-2025 20:05:23 [LogUtils] - Failed to capture screenshot: Illegal char <:> at index 33: screenshots\setText_22/02/2025 20:05:23.png
[INFO] 22-02-2025 20:05:23 [LogUtils] - ExtentTest instance is null. Test info: Clicking element with selector: //button[@type='submit']/span
[INFO] 22-02-2025 20:05:23 [LogUtils] - Test info: Clicking element with selector: //button[@type='submit']/span
[INFO] 22-02-2025 20:05:23 [LogUtils] - Clicked element with selector: //button[@type='submit']/span
[ERROR] 22-02-2025 20:05:23 [LogUtils] - Failed to capture screenshot: Illegal char <:> at index 38: screenshots\clickElement_22/02/2025 20:05:23.png
[INFO] 22-02-2025 20:05:23 [LogUtils] - Page instance created: com.microsoft.playwright.impl.PageImpl@12ef9eb5
[INFO] 22-02-2025 20:05:23 [LogUtils] - Set Excel File: src/test/resources/testdata/Common/ProviderData.xlsx
[INFO] 22-02-2025 20:05:23 [LogUtils] - Sheet Name: SignIn
[INFO] 22-02-2025 20:05:24 [LogUtils] - Navigating to URL: https://staging.withassured.com/sign-in
[INFO] 22-02-2025 20:05:24 [LogUtils] - ExtentTest instance is null. Test info: Navigating to URL: https://staging.withassured.com/sign-in
[INFO] 22-02-2025 20:05:24 [LogUtils] - Test info: Navigating to URL: https://staging.withassured.com/sign-in
]]></system-out>
  </testcase>
  <testcase name="loginWithValidCredentials[{EMAIL=qazdqsd@lk.com, PASSWORD=abc32}](2)" classname="com.assured.tests.T01_LoginTest" time="0.14">
    <system-out><![CDATA[[INFO] 22-02-2025 20:05:24 [LogUtils] - Closing browser and cleaning up...
[INFO] 22-02-2025 20:05:25 [LogUtils] - Filled element with selector: //*[@id='normal_login_email'] with text: qazdqsd@lk.com
[ERROR] 22-02-2025 20:05:25 [LogUtils] - Failed to capture screenshot: Illegal char <:> at index 33: screenshots\setText_22/02/2025 20:05:25.png
[INFO] 22-02-2025 20:05:25 [LogUtils] - Filling in password.
[INFO] 22-02-2025 20:05:25 [LogUtils] - ExtentTest instance is null. Test info: Filling text into element with selector: //*[@id='normal_login_password'] | Value: abc32
[INFO] 22-02-2025 20:05:25 [LogUtils] - Test info: Filling text into element with selector: //*[@id='normal_login_password'] | Value: abc32
[INFO] 22-02-2025 20:05:25 [LogUtils] - Filled element with selector: //*[@id='normal_login_password'] with text: abc32
[ERROR] 22-02-2025 20:05:25 [LogUtils] - Failed to capture screenshot: Illegal char <:> at index 33: screenshots\setText_22/02/2025 20:05:25.png
[INFO] 22-02-2025 20:05:25 [LogUtils] - ExtentTest instance is null. Test info: Clicking element with selector: //button[@type='submit']/span
[INFO] 22-02-2025 20:05:25 [LogUtils] - Test info: Clicking element with selector: //button[@type='submit']/span
[INFO] 22-02-2025 20:05:26 [LogUtils] - Clicked element with selector: //button[@type='submit']/span
[ERROR] 22-02-2025 20:05:26 [LogUtils] - Failed to capture screenshot: Illegal char <:> at index 38: screenshots\clickElement_22/02/2025 20:05:26.png
[ERROR] 22-02-2025 20:05:26 [LogUtils] - Failed to capture screenshot: Illegal char <:> at index 34: screenshots\navigate_22/02/2025 20:05:26.png
[INFO] 22-02-2025 20:05:26 [LogUtils] - Filling in email: hjkl@ik.com
[INFO] 22-02-2025 20:05:26 [LogUtils] - ExtentTest instance is null. Test info: Filling text into element with selector: //*[@id='normal_login_email'] | Value: hjkl@ik.com
[INFO] 22-02-2025 20:05:26 [LogUtils] - Test info: Filling text into element with selector: //*[@id='normal_login_email'] | Value: hjkl@ik.com
[INFO] 22-02-2025 20:05:26 [LogUtils] - Page instance created: com.microsoft.playwright.impl.PageImpl@cb717cb
[INFO] 22-02-2025 20:05:26 [LogUtils] - Set Excel File: src/test/resources/testdata/Common/ProviderData.xlsx
[INFO] 22-02-2025 20:05:26 [LogUtils] - Sheet Name: SignIn
[INFO] 22-02-2025 20:05:26 [LogUtils] - Navigating to URL: https://staging.withassured.com/sign-in
[INFO] 22-02-2025 20:05:26 [LogUtils] - ExtentTest instance is null. Test info: Navigating to URL: https://staging.withassured.com/sign-in
[INFO] 22-02-2025 20:05:26 [LogUtils] - Test info: Navigating to URL: https://staging.withassured.com/sign-in
]]></system-out>
  </testcase>
  <testcase name="loginWithValidCredentials[{EMAIL=hjkl@ik.com, PASSWORD=sdkjf1231}](3)" classname="com.assured.tests.T01_LoginTest" time="2.362">
    <system-out><![CDATA[[INFO] 22-02-2025 20:05:26 [LogUtils] - Closing browser and cleaning up...
[INFO] 22-02-2025 20:05:28 [LogUtils] - Page instance created: com.microsoft.playwright.impl.PageImpl@5f3629
[INFO] 22-02-2025 20:05:28 [LogUtils] - Set Excel File: src/test/resources/testdata/Common/ProviderData.xlsx
[INFO] 22-02-2025 20:05:28 [LogUtils] - Sheet Name: SignIn
[INFO] 22-02-2025 20:05:28 [LogUtils] - Navigating to URL: https://staging.withassured.com/sign-in
[INFO] 22-02-2025 20:05:28 [LogUtils] - ExtentTest instance is null. Test info: Navigating to URL: https://staging.withassured.com/sign-in
[INFO] 22-02-2025 20:05:28 [LogUtils] - Test info: Navigating to URL: https://staging.withassured.com/sign-in
[ERROR] 22-02-2025 20:05:29 [LogUtils] - Failed to capture screenshot: Illegal char <:> at index 34: screenshots\navigate_22/02/2025 20:05:29.png
[INFO] 22-02-2025 20:05:29 [LogUtils] - Filling in email: abc@abc.com
[INFO] 22-02-2025 20:05:29 [LogUtils] - ExtentTest instance is null. Test info: Filling text into element with selector: //*[@id='normal_login_email'] | Value: abc@abc.com
[INFO] 22-02-2025 20:05:29 [LogUtils] - Test info: Filling text into element with selector: //*[@id='normal_login_email'] | Value: abc@abc.com
[INFO] 22-02-2025 20:05:29 [LogUtils] - Filled element with selector: //*[@id='normal_login_email'] with text: hjkl@ik.com
[ERROR] 22-02-2025 20:05:29 [LogUtils] - Failed to capture screenshot: Illegal char <:> at index 33: screenshots\setText_22/02/2025 20:05:29.png
[INFO] 22-02-2025 20:05:29 [LogUtils] - Filling in password.
[INFO] 22-02-2025 20:05:29 [LogUtils] - ExtentTest instance is null. Test info: Filling text into element with selector: //*[@id='normal_login_password'] | Value: sdkjf1231
[INFO] 22-02-2025 20:05:29 [LogUtils] - Test info: Filling text into element with selector: //*[@id='normal_login_password'] | Value: sdkjf1231
[INFO] 22-02-2025 20:05:29 [LogUtils] - Filled element with selector: //*[@id='normal_login_password'] with text: sdkjf1231
[ERROR] 22-02-2025 20:05:29 [LogUtils] - Failed to capture screenshot: Illegal char <:> at index 33: screenshots\setText_22/02/2025 20:05:29.png
[INFO] 22-02-2025 20:05:29 [LogUtils] - ExtentTest instance is null. Test info: Clicking element with selector: //button[@type='submit']/span
[INFO] 22-02-2025 20:05:29 [LogUtils] - Test info: Clicking element with selector: //button[@type='submit']/span
[INFO] 22-02-2025 20:05:30 [LogUtils] - Clicked element with selector: //button[@type='submit']/span
[ERROR] 22-02-2025 20:05:30 [LogUtils] - Failed to capture screenshot: Illegal char <:> at index 38: screenshots\clickElement_22/02/2025 20:05:30.png
]]></system-out>
  </testcase>
  <testcase name="loginWithValidCredentials[{EMAIL=abc@abc.com, PASSWORD=12Bcd}](4)" classname="com.assured.tests.T01_LoginTest" time="4.353">
    <system-out><![CDATA[[INFO] 22-02-2025 20:05:30 [LogUtils] - Closing browser and cleaning up...
[ERROR] 22-02-2025 20:05:30 [LogUtils] - Failed to capture screenshot: Illegal char <:> at index 34: screenshots\navigate_22/02/2025 20:05:30.png
[INFO] 22-02-2025 20:05:30 [LogUtils] - Filling in email: bbcd@lk.com
[INFO] 22-02-2025 20:05:30 [LogUtils] - ExtentTest instance is null. Test info: Filling text into element with selector: //*[@id='normal_login_email'] | Value: bbcd@lk.com
[INFO] 22-02-2025 20:05:30 [LogUtils] - Test info: Filling text into element with selector: //*[@id='normal_login_email'] | Value: bbcd@lk.com
[INFO] 22-02-2025 20:05:31 [LogUtils] - Filled element with selector: //*[@id='normal_login_email'] with text: abc@abc.com
[ERROR] 22-02-2025 20:05:31 [LogUtils] - Failed to capture screenshot: Illegal char <:> at index 33: screenshots\setText_22/02/2025 20:05:31.png
[INFO] 22-02-2025 20:05:31 [LogUtils] - Filling in password.
[INFO] 22-02-2025 20:05:31 [LogUtils] - ExtentTest instance is null. Test info: Filling text into element with selector: //*[@id='normal_login_password'] | Value: 12Bcd
[INFO] 22-02-2025 20:05:31 [LogUtils] - Test info: Filling text into element with selector: //*[@id='normal_login_password'] | Value: 12Bcd
[INFO] 22-02-2025 20:05:31 [LogUtils] - Filled element with selector: //*[@id='normal_login_password'] with text: 12Bcd
[ERROR] 22-02-2025 20:05:31 [LogUtils] - Failed to capture screenshot: Illegal char <:> at index 33: screenshots\setText_22/02/2025 20:05:31.png
[INFO] 22-02-2025 20:05:31 [LogUtils] - ExtentTest instance is null. Test info: Clicking element with selector: //button[@type='submit']/span
[INFO] 22-02-2025 20:05:31 [LogUtils] - Test info: Clicking element with selector: //button[@type='submit']/span
[INFO] 22-02-2025 20:05:32 [LogUtils] - Clicked element with selector: //button[@type='submit']/span
[ERROR] 22-02-2025 20:05:32 [LogUtils] - Failed to capture screenshot: Illegal char <:> at index 38: screenshots\clickElement_22/02/2025 20:05:32.png
]]></system-out>
  </testcase>
  <testcase name="loginWithValidCredentials[{EMAIL=bbcd@lk.com, PASSWORD=789ght}](5)" classname="com.assured.tests.T01_LoginTest" time="5.662">
    <system-out><![CDATA[[INFO] 22-02-2025 20:05:32 [LogUtils] - Closing browser and cleaning up...
[INFO] 22-02-2025 20:05:33 [LogUtils] - Filled element with selector: //*[@id='normal_login_email'] with text: bbcd@lk.com
[ERROR] 22-02-2025 20:05:33 [LogUtils] - Failed to capture screenshot: Illegal char <:> at index 33: screenshots\setText_22/02/2025 20:05:33.png
[INFO] 22-02-2025 20:05:33 [LogUtils] - Filling in password.
[INFO] 22-02-2025 20:05:33 [LogUtils] - ExtentTest instance is null. Test info: Filling text into element with selector: //*[@id='normal_login_password'] | Value: 789ght
[INFO] 22-02-2025 20:05:33 [LogUtils] - Test info: Filling text into element with selector: //*[@id='normal_login_password'] | Value: 789ght
[INFO] 22-02-2025 20:05:33 [LogUtils] - Filled element with selector: //*[@id='normal_login_password'] with text: 789ght
[ERROR] 22-02-2025 20:05:33 [LogUtils] - Failed to capture screenshot: Illegal char <:> at index 33: screenshots\setText_22/02/2025 20:05:33.png
[INFO] 22-02-2025 20:05:33 [LogUtils] - ExtentTest instance is null. Test info: Clicking element with selector: //button[@type='submit']/span
[INFO] 22-02-2025 20:05:33 [LogUtils] - Test info: Clicking element with selector: //button[@type='submit']/span
[INFO] 22-02-2025 20:05:33 [LogUtils] - Clicked element with selector: //button[@type='submit']/span
[ERROR] 22-02-2025 20:05:33 [LogUtils] - Failed to capture screenshot: Illegal char <:> at index 38: screenshots\clickElement_22/02/2025 20:05:33.png
]]></system-out>
  </testcase>
  <testcase name="loginWithInValidCredentials[{EMAIL=qazdqsd@lk.com, PASSWORD=abc32}](1)" classname="com.assured.tests.T01_LoginTest" time="3.308">
    <system-out><![CDATA[[INFO] 22-02-2025 20:05:33 [LogUtils] - Closing browser and cleaning up...
[INFO] 22-02-2025 20:05:35 [LogUtils] - Excel File: C:\Users\Gnana\IdeaProjects\PlaywrightJava\src/test/resources/testdata/Common/ProviderData.xlsx
[INFO] 22-02-2025 20:05:35 [LogUtils] - Sheet Name: SignIn
[INFO] 22-02-2025 20:05:35 [LogUtils] - Row: 10 - Column: 2
[INFO] 22-02-2025 20:05:35 [LogUtils] - StartRow: 2 - EndRow: 6
getSignInData: [[Ljava.lang.Object;@4b1a43d8
[INFO] 22-02-2025 20:05:35 [LogUtils] - Creating Playwright instance using factory method...
[INFO] 22-02-2025 20:05:35 [LogUtils] - Creating Playwright instance using factory method...
[INFO] 22-02-2025 20:05:35 [LogUtils] - Creating Playwright instance using factory method...
[INFO] 22-02-2025 20:05:35 [LogUtils] - Creating Playwright instance using factory method...
[INFO] 22-02-2025 20:05:35 [LogUtils] - Creating Playwright instance using factory method...
[INFO] 22-02-2025 20:05:40 [LogUtils] - Page instance created: com.microsoft.playwright.impl.PageImpl@41afb17d
[INFO] 22-02-2025 20:05:40 [LogUtils] - Set Excel File: src/test/resources/testdata/Common/ProviderData.xlsx
[INFO] 22-02-2025 20:05:40 [LogUtils] - Sheet Name: SignIn
[INFO] 22-02-2025 20:05:40 [LogUtils] - Navigating to URL: https://staging.withassured.com/sign-in
[INFO] 22-02-2025 20:05:40 [LogUtils] - ExtentTest instance is null. Test info: Navigating to URL: https://staging.withassured.com/sign-in
[INFO] 22-02-2025 20:05:40 [LogUtils] - Test info: Navigating to URL: https://staging.withassured.com/sign-in
[ERROR] 22-02-2025 20:05:42 [LogUtils] - Failed to capture screenshot: Illegal char <:> at index 34: screenshots\navigate_22/02/2025 20:05:42.png
[INFO] 22-02-2025 20:05:42 [LogUtils] - Filling in email: qazdqsd@lk.com
[INFO] 22-02-2025 20:05:42 [LogUtils] - ExtentTest instance is null. Test info: Filling text into element with selector: //*[@id='normal_login_email'] | Value: qazdqsd@lk.com
[INFO] 22-02-2025 20:05:42 [LogUtils] - Test info: Filling text into element with selector: //*[@id='normal_login_email'] | Value: qazdqsd@lk.com
[INFO] 22-02-2025 20:05:42 [LogUtils] - Page instance created: com.microsoft.playwright.impl.PageImpl@efe3549
[INFO] 22-02-2025 20:05:42 [LogUtils] - Set Excel File: src/test/resources/testdata/Common/ProviderData.xlsx
[INFO] 22-02-2025 20:05:42 [LogUtils] - Sheet Name: SignIn
[INFO] 22-02-2025 20:05:42 [LogUtils] - Navigating to URL: https://staging.withassured.com/sign-in
[INFO] 22-02-2025 20:05:42 [LogUtils] - ExtentTest instance is null. Test info: Navigating to URL: https://staging.withassured.com/sign-in
[INFO] 22-02-2025 20:05:42 [LogUtils] - Test info: Navigating to URL: https://staging.withassured.com/sign-in
[INFO] 22-02-2025 20:05:44 [LogUtils] - Filled element with selector: //*[@id='normal_login_email'] with text: qazdqsd@lk.com
[ERROR] 22-02-2025 20:05:44 [LogUtils] - Failed to capture screenshot: Illegal char <:> at index 33: screenshots\setText_22/02/2025 20:05:44.png
[INFO] 22-02-2025 20:05:44 [LogUtils] - Filling in password.
[INFO] 22-02-2025 20:05:44 [LogUtils] - ExtentTest instance is null. Test info: Filling text into element with selector: //*[@id='normal_login_password'] | Value: abc32
[INFO] 22-02-2025 20:05:44 [LogUtils] - Test info: Filling text into element with selector: //*[@id='normal_login_password'] | Value: abc32
[INFO] 22-02-2025 20:05:44 [LogUtils] - Filled element with selector: //*[@id='normal_login_password'] with text: abc32
[ERROR] 22-02-2025 20:05:44 [LogUtils] - Failed to capture screenshot: Illegal char <:> at index 33: screenshots\setText_22/02/2025 20:05:44.png
[INFO] 22-02-2025 20:05:44 [LogUtils] - ExtentTest instance is null. Test info: Clicking element with selector: //button[@type='submit']/span
[INFO] 22-02-2025 20:05:44 [LogUtils] - Test info: Clicking element with selector: //button[@type='submit']/span
[INFO] 22-02-2025 20:05:45 [LogUtils] - Clicked element with selector: //button[@type='submit']/span
[ERROR] 22-02-2025 20:05:45 [LogUtils] - Failed to capture screenshot: Illegal char <:> at index 38: screenshots\clickElement_22/02/2025 20:05:45.png
]]></system-out>
  </testcase>
  <testcase name="loginWithInValidCredentials[{EMAIL=cashierngan023@gmail.com, PASSWORD=abc12}](2)" classname="com.assured.tests.T01_LoginTest" time="0.243">
    <system-out><![CDATA[[INFO] 22-02-2025 20:05:45 [LogUtils] - Closing browser and cleaning up...
[INFO] 22-02-2025 20:05:46 [LogUtils] - Page instance created: com.microsoft.playwright.impl.PageImpl@449aa542
[INFO] 22-02-2025 20:05:46 [LogUtils] - Set Excel File: src/test/resources/testdata/Common/ProviderData.xlsx
[INFO] 22-02-2025 20:05:46 [LogUtils] - Sheet Name: SignIn
[INFO] 22-02-2025 20:05:46 [LogUtils] - Navigating to URL: https://staging.withassured.com/sign-in
[INFO] 22-02-2025 20:05:46 [LogUtils] - ExtentTest instance is null. Test info: Navigating to URL: https://staging.withassured.com/sign-in
[INFO] 22-02-2025 20:05:46 [LogUtils] - Test info: Navigating to URL: https://staging.withassured.com/sign-in
[ERROR] 22-02-2025 20:05:46 [LogUtils] - Failed to capture screenshot: Illegal char <:> at index 34: screenshots\navigate_22/02/2025 20:05:46.png
[INFO] 22-02-2025 20:05:46 [LogUtils] - Filling in email: cashierngan023@gmail.com
[INFO] 22-02-2025 20:05:46 [LogUtils] - ExtentTest instance is null. Test info: Filling text into element with selector: //*[@id='normal_login_email'] | Value: cashierngan023@gmail.com
[INFO] 22-02-2025 20:05:46 [LogUtils] - Test info: Filling text into element with selector: //*[@id='normal_login_email'] | Value: cashierngan023@gmail.com
[INFO] 22-02-2025 20:05:47 [LogUtils] - Filled element with selector: //*[@id='normal_login_email'] with text: cashierngan023@gmail.com
[ERROR] 22-02-2025 20:05:47 [LogUtils] - Failed to capture screenshot: Illegal char <:> at index 33: screenshots\setText_22/02/2025 20:05:47.png
[INFO] 22-02-2025 20:05:47 [LogUtils] - Filling in password.
[INFO] 22-02-2025 20:05:47 [LogUtils] - ExtentTest instance is null. Test info: Filling text into element with selector: //*[@id='normal_login_password'] | Value: abc12
[INFO] 22-02-2025 20:05:47 [LogUtils] - Test info: Filling text into element with selector: //*[@id='normal_login_password'] | Value: abc12
[INFO] 22-02-2025 20:05:47 [LogUtils] - Filled element with selector: //*[@id='normal_login_password'] with text: abc12
[ERROR] 22-02-2025 20:05:47 [LogUtils] - Failed to capture screenshot: Illegal char <:> at index 33: screenshots\setText_22/02/2025 20:05:47.png
[INFO] 22-02-2025 20:05:47 [LogUtils] - ExtentTest instance is null. Test info: Clicking element with selector: //button[@type='submit']/span
[INFO] 22-02-2025 20:05:47 [LogUtils] - Test info: Clicking element with selector: //button[@type='submit']/span
[INFO] 22-02-2025 20:05:48 [LogUtils] - Clicked element with selector: //button[@type='submit']/span
[ERROR] 22-02-2025 20:05:48 [LogUtils] - Failed to capture screenshot: Illegal char <:> at index 38: screenshots\clickElement_22/02/2025 20:05:48.png
[INFO] 22-02-2025 20:05:48 [LogUtils] - Page instance created: com.microsoft.playwright.impl.PageImpl@47e0236e
[ERROR] 22-02-2025 20:05:48 [LogUtils] - Failed to capture screenshot: Illegal char <:> at index 34: screenshots\navigate_22/02/2025 20:05:48.png
[INFO] 22-02-2025 20:05:48 [LogUtils] - Filling in email: bbcd@lk.com
[INFO] 22-02-2025 20:05:48 [LogUtils] - ExtentTest instance is null. Test info: Filling text into element with selector: //*[@id='normal_login_email'] | Value: bbcd@lk.com
[INFO] 22-02-2025 20:05:48 [LogUtils] - Test info: Filling text into element with selector: //*[@id='normal_login_email'] | Value: bbcd@lk.com
[INFO] 22-02-2025 20:05:48 [LogUtils] - Set Excel File: src/test/resources/testdata/Common/ProviderData.xlsx
[INFO] 22-02-2025 20:05:48 [LogUtils] - Sheet Name: SignIn
[INFO] 22-02-2025 20:05:48 [LogUtils] - Navigating to URL: https://staging.withassured.com/sign-in
[INFO] 22-02-2025 20:05:48 [LogUtils] - ExtentTest instance is null. Test info: Navigating to URL: https://staging.withassured.com/sign-in
[INFO] 22-02-2025 20:05:48 [LogUtils] - Test info: Navigating to URL: https://staging.withassured.com/sign-in
]]></system-out>
  </testcase>
  <testcase name="loginWithInValidCredentials[{EMAIL=bbcd@lk.com, PASSWORD=789ght}](3)" classname="com.assured.tests.T01_LoginTest" time="0.559">
    <system-out><![CDATA[[INFO] 22-02-2025 20:05:48 [LogUtils] - Closing browser and cleaning up...
[INFO] 22-02-2025 20:05:50 [LogUtils] - Filled element with selector: //*[@id='normal_login_email'] with text: bbcd@lk.com
[ERROR] 22-02-2025 20:05:50 [LogUtils] - Failed to capture screenshot: Illegal char <:> at index 33: screenshots\setText_22/02/2025 20:05:50.png
[INFO] 22-02-2025 20:05:50 [LogUtils] - Filling in password.
[ERROR] 22-02-2025 20:05:50 [LogUtils] - Failed to capture screenshot: Illegal char <:> at index 34: screenshots\navigate_22/02/2025 20:05:50.png
[INFO] 22-02-2025 20:05:50 [LogUtils] - Filling in email: hjkl@ik.com
[INFO] 22-02-2025 20:05:50 [LogUtils] - ExtentTest instance is null. Test info: Filling text into element with selector: //*[@id='normal_login_email'] | Value: hjkl@ik.com
[INFO] 22-02-2025 20:05:50 [LogUtils] - Test info: Filling text into element with selector: //*[@id='normal_login_email'] | Value: hjkl@ik.com
[INFO] 22-02-2025 20:05:50 [LogUtils] - ExtentTest instance is null. Test info: Filling text into element with selector: //*[@id='normal_login_password'] | Value: 789ght
[INFO] 22-02-2025 20:05:50 [LogUtils] - Test info: Filling text into element with selector: //*[@id='normal_login_password'] | Value: 789ght
[INFO] 22-02-2025 20:05:50 [LogUtils] - Filled element with selector: //*[@id='normal_login_password'] with text: 789ght
[ERROR] 22-02-2025 20:05:50 [LogUtils] - Failed to capture screenshot: Illegal char <:> at index 33: screenshots\setText_22/02/2025 20:05:50.png
[INFO] 22-02-2025 20:05:50 [LogUtils] - ExtentTest instance is null. Test info: Clicking element with selector: //button[@type='submit']/span
[INFO] 22-02-2025 20:05:50 [LogUtils] - Test info: Clicking element with selector: //button[@type='submit']/span
[INFO] 22-02-2025 20:05:51 [LogUtils] - Page instance created: com.microsoft.playwright.impl.PageImpl@180abb5c
[INFO] 22-02-2025 20:05:51 [LogUtils] - Set Excel File: src/test/resources/testdata/Common/ProviderData.xlsx
[INFO] 22-02-2025 20:05:51 [LogUtils] - Sheet Name: SignIn
[INFO] 22-02-2025 20:05:51 [LogUtils] - Clicked element with selector: //button[@type='submit']/span
[ERROR] 22-02-2025 20:05:51 [LogUtils] - Failed to capture screenshot: Illegal char <:> at index 38: screenshots\clickElement_22/02/2025 20:05:51.png
[INFO] 22-02-2025 20:05:51 [LogUtils] - Navigating to URL: https://staging.withassured.com/sign-in
[INFO] 22-02-2025 20:05:51 [LogUtils] - ExtentTest instance is null. Test info: Navigating to URL: https://staging.withassured.com/sign-in
[INFO] 22-02-2025 20:05:51 [LogUtils] - Test info: Navigating to URL: https://staging.withassured.com/sign-in
]]></system-out>
  </testcase>
  <testcase name="loginWithInValidCredentials[{EMAIL=hjkl@ik.com, PASSWORD=sdkjf1231}](4)" classname="com.assured.tests.T01_LoginTest" time="3.102">
    <system-out><![CDATA[[INFO] 22-02-2025 20:05:51 [LogUtils] - Closing browser and cleaning up...
[INFO] 22-02-2025 20:05:53 [LogUtils] - Filled element with selector: //*[@id='normal_login_email'] with text: hjkl@ik.com
[ERROR] 22-02-2025 20:05:53 [LogUtils] - Failed to capture screenshot: Illegal char <:> at index 33: screenshots\setText_22/02/2025 20:05:53.png
[INFO] 22-02-2025 20:05:53 [LogUtils] - Filling in password.
[INFO] 22-02-2025 20:05:53 [LogUtils] - ExtentTest instance is null. Test info: Filling text into element with selector: //*[@id='normal_login_password'] | Value: sdkjf1231
[INFO] 22-02-2025 20:05:53 [LogUtils] - Test info: Filling text into element with selector: //*[@id='normal_login_password'] | Value: sdkjf1231
[ERROR] 22-02-2025 20:05:53 [LogUtils] - Failed to capture screenshot: Illegal char <:> at index 34: screenshots\navigate_22/02/2025 20:05:53.png
[INFO] 22-02-2025 20:05:53 [LogUtils] - Filling in email: abc@abc.com
[INFO] 22-02-2025 20:05:53 [LogUtils] - ExtentTest instance is null. Test info: Filling text into element with selector: //*[@id='normal_login_email'] | Value: abc@abc.com
[INFO] 22-02-2025 20:05:53 [LogUtils] - Test info: Filling text into element with selector: //*[@id='normal_login_email'] | Value: abc@abc.com
[INFO] 22-02-2025 20:05:53 [LogUtils] - Filled element with selector: //*[@id='normal_login_password'] with text: sdkjf1231
[ERROR] 22-02-2025 20:05:53 [LogUtils] - Failed to capture screenshot: Illegal char <:> at index 33: screenshots\setText_22/02/2025 20:05:53.png
[INFO] 22-02-2025 20:05:53 [LogUtils] - ExtentTest instance is null. Test info: Clicking element with selector: //button[@type='submit']/span
[INFO] 22-02-2025 20:05:53 [LogUtils] - Test info: Clicking element with selector: //button[@type='submit']/span
[INFO] 22-02-2025 20:05:53 [LogUtils] - Clicked element with selector: //button[@type='submit']/span
[ERROR] 22-02-2025 20:05:53 [LogUtils] - Failed to capture screenshot: Illegal char <:> at index 38: screenshots\clickElement_22/02/2025 20:05:53.png
]]></system-out>
  </testcase>
  <testcase name="loginWithInValidCredentials[{EMAIL=abc@abc.com, PASSWORD=12Bcd}](5)" classname="com.assured.tests.T01_LoginTest" time="4.342">
    <system-out><![CDATA[[INFO] 22-02-2025 20:05:54 [LogUtils] - Closing browser and cleaning up...
[INFO] 22-02-2025 20:05:54 [LogUtils] - Filled element with selector: //*[@id='normal_login_email'] with text: abc@abc.com
[ERROR] 22-02-2025 20:05:54 [LogUtils] - Failed to capture screenshot: Illegal char <:> at index 33: screenshots\setText_22/02/2025 20:05:54.png
[INFO] 22-02-2025 20:05:54 [LogUtils] - Filling in password.
[INFO] 22-02-2025 20:05:54 [LogUtils] - ExtentTest instance is null. Test info: Filling text into element with selector: //*[@id='normal_login_password'] | Value: 12Bcd
[INFO] 22-02-2025 20:05:54 [LogUtils] - Test info: Filling text into element with selector: //*[@id='normal_login_password'] | Value: 12Bcd
[INFO] 22-02-2025 20:05:55 [LogUtils] - Filled element with selector: //*[@id='normal_login_password'] with text: 12Bcd
[ERROR] 22-02-2025 20:05:55 [LogUtils] - Failed to capture screenshot: Illegal char <:> at index 33: screenshots\setText_22/02/2025 20:05:55.png
[INFO] 22-02-2025 20:05:55 [LogUtils] - ExtentTest instance is null. Test info: Clicking element with selector: //button[@type='submit']/span
[INFO] 22-02-2025 20:05:55 [LogUtils] - Test info: Clicking element with selector: //button[@type='submit']/span
[INFO] 22-02-2025 20:05:55 [LogUtils] - Clicked element with selector: //button[@type='submit']/span
[ERROR] 22-02-2025 20:05:55 [LogUtils] - Failed to capture screenshot: Illegal char <:> at index 38: screenshots\clickElement_22/02/2025 20:05:55.png
]]></system-out>
  </testcase>
  <testcase name="urlTest" classname="com.assured.tests.T01_LoginTest" time="38.859">
    <system-out><![CDATA[[INFO] 22-02-2025 20:05:55 [LogUtils] - Closing browser and cleaning up...
[INFO] 22-02-2025 20:05:57 [LogUtils] - Creating Playwright instance using factory method...
[INFO] 22-02-2025 20:06:00 [LogUtils] - Page instance created: com.microsoft.playwright.impl.PageImpl@756b58a7
[INFO] 22-02-2025 20:06:00 [LogUtils] - Navigating to URL: https://staging.withassured.com/sign-in
[INFO] 22-02-2025 20:06:00 [LogUtils] - ExtentTest instance is null. Test info: Navigating to URL: https://staging.withassured.com/sign-in
[INFO] 22-02-2025 20:06:00 [LogUtils] - Test info: Navigating to URL: https://staging.withassured.com/sign-in
[ERROR] 22-02-2025 20:06:03 [LogUtils] - Failed to capture screenshot: Illegal char <:> at index 34: screenshots\navigate_22/02/2025 20:06:03.png
[INFO] 22-02-2025 20:06:03 [LogUtils] - Filling in email: 
[INFO] 22-02-2025 20:06:03 [LogUtils] - ExtentTest instance is null. Test info: Filling text into element with selector: //*[@id='normal_login_email'] | Value: abc@gmail.com
[INFO] 22-02-2025 20:06:03 [LogUtils] - Test info: Filling text into element with selector: //*[@id='normal_login_email'] | Value: abc@gmail.com
[INFO] 22-02-2025 20:06:03 [LogUtils] - Filled element with selector: //*[@id='normal_login_email'] with text: abc@gmail.com
[ERROR] 22-02-2025 20:06:03 [LogUtils] - Failed to capture screenshot: Illegal char <:> at index 33: screenshots\setText_22/02/2025 20:06:03.png
[INFO] 22-02-2025 20:06:03 [LogUtils] - Filling in password.
[INFO] 22-02-2025 20:06:03 [LogUtils] - ExtentTest instance is null. Test info: Filling text into element with selector: //*[@id='normal_login_password'] | Value: abc
[INFO] 22-02-2025 20:06:03 [LogUtils] - Test info: Filling text into element with selector: //*[@id='normal_login_password'] | Value: abc
[INFO] 22-02-2025 20:06:03 [LogUtils] - Filled element with selector: //*[@id='normal_login_password'] with text: abc
[ERROR] 22-02-2025 20:06:03 [LogUtils] - Failed to capture screenshot: Illegal char <:> at index 33: screenshots\setText_22/02/2025 20:06:03.png
[INFO] 22-02-2025 20:06:11 [LogUtils] - ExtentTest instance is null. Test info: Retrieving mail URL for domain: private, mailbox: abc1, expectedFrom: no-reply@withassured.com, expectedSubject: Onboarding Invite
[INFO] 22-02-2025 20:06:11 [LogUtils] - Test info: Retrieving mail URL for domain: private, mailbox: abc1, expectedFrom: no-reply@withassured.com, expectedSubject: Onboarding Invite
[INFO] 22-02-2025 20:06:11 [LogUtils] - Requesting inbox for domain: private
[INFO] 22-02-2025 20:06:14 [LogUtils] - Inbox received with 3 messages
[INFO] 22-02-2025 20:06:14 [LogUtils] - Matched message -> ID: abc-1740222182-09715539105903, From: no-reply@withassured.com, Subject: Onboarding Invite
[INFO] 22-02-2025 20:06:14 [LogUtils] - ExtentTest instance is null. Test info: Matched message details -> ID: abc-1740222182-09715539105903, From: no-reply@withassured.com, Subject: Onboarding Invite
[INFO] 22-02-2025 20:06:14 [LogUtils] - Test info: Matched message details -> ID: abc-1740222182-09715539105903, From: no-reply@withassured.com, Subject: Onboarding Invite
[WARN] 22-02-2025 20:06:14 [LogUtils] - No URL found in subject. Trying links API for message id: abc-1740222182-09715539105903
[INFO] 22-02-2025 20:06:14 [LogUtils] - ExtentTest instance is null. Test info: No URL in subject, checking links API...
[INFO] 22-02-2025 20:06:14 [LogUtils] - Test info: No URL in subject, checking links API...
[INFO] 22-02-2025 20:06:14 [LogUtils] - Retrieved URL from links API: https://u24054449.ct.sendgrid.net/ls/click?upn=u001.uKTWfX-2BO7Cb7TshAM6sZKbEPm9EMqm9C4ZEtr6uuLun9WzqgtnF82p3mwtRkl8l6HmV8ei5eSFuKreSOAIBNUleu6JrLi1KKqVIj527UJtl8SOPrrN9sUWEvQnR7k8T9uZVo6ZTPaA9Ts0AP97aHNmeWEdRD9Tz0wKCzFT-2F5s2Z-2FCMCLF-2BUY-2F7yvAy1Spavmy5rOfhdtgC48AqGUNZ69IxIbcgCo36Osr8PnVQtNxKk-3Dck5X_wpqQ2WcS-2FTzgSrvxM8UHDetjfCFgHfuIxVzML9eO2lwIPoEyH273FaJ0jkibRH-2Fhp4JWwSnIOL8-2FTbIemxt55kUwl06ZTgHbRATHDru0zgcTAhuIg1a0MJs6gRjsO3fBiBnzT5aIvsI-2B4gQjxht-2FHAuyKODpj3uwZWQeYp60J2g80ZTYu65dUPZtIomjwu-2B-2F3bqqrN6BQ5YSA6XZmOASr1phc5-2FShsj5gT6qbeSePOl43MxjsVUo9JKUcosau-2FKD3mNBY4MHs-2B4kIxPUG0M4xmH7CpWdPjOpgphvFa13IaLIMA6CeFZ35nXodHn5-2BDGEsgwDBeTXT1knmUxPiw85ut0InJFGs-2FMakqwJCFta1B3ryqUwBVSrhYASYjj5cFtKoSPMdDhyJR-2FjiWep-2Fpn1-2Bg-3D-3D
[INFO] 22-02-2025 20:06:14 [LogUtils] - ExtentTest instance is null. Test info: Mail invite URL retrieved from links API: https://u24054449.ct.sendgrid.net/ls/click?upn=u001.uKTWfX-2BO7Cb7TshAM6sZKbEPm9EMqm9C4ZEtr6uuLun9WzqgtnF82p3mwtRkl8l6HmV8ei5eSFuKreSOAIBNUleu6JrLi1KKqVIj527UJtl8SOPrrN9sUWEvQnR7k8T9uZVo6ZTPaA9Ts0AP97aHNmeWEdRD9Tz0wKCzFT-2F5s2Z-2FCMCLF-2BUY-2F7yvAy1Spavmy5rOfhdtgC48AqGUNZ69IxIbcgCo36Osr8PnVQtNxKk-3Dck5X_wpqQ2WcS-2FTzgSrvxM8UHDetjfCFgHfuIxVzML9eO2lwIPoEyH273FaJ0jkibRH-2Fhp4JWwSnIOL8-2FTbIemxt55kUwl06ZTgHbRATHDru0zgcTAhuIg1a0MJs6gRjsO3fBiBnzT5aIvsI-2B4gQjxht-2FHAuyKODpj3uwZWQeYp60J2g80ZTYu65dUPZtIomjwu-2B-2F3bqqrN6BQ5YSA6XZmOASr1phc5-2FShsj5gT6qbeSePOl43MxjsVUo9JKUcosau-2FKD3mNBY4MHs-2B4kIxPUG0M4xmH7CpWdPjOpgphvFa13IaLIMA6CeFZ35nXodHn5-2BDGEsgwDBeTXT1knmUxPiw85ut0InJFGs-2FMakqwJCFta1B3ryqUwBVSrhYASYjj5cFtKoSPMdDhyJR-2FjiWep-2Fpn1-2Bg-3D-3D
[INFO] 22-02-2025 20:06:14 [LogUtils] - Test info: Mail invite URL retrieved from links API: https://u24054449.ct.sendgrid.net/ls/click?upn=u001.uKTWfX-2BO7Cb7TshAM6sZKbEPm9EMqm9C4ZEtr6uuLun9WzqgtnF82p3mwtRkl8l6HmV8ei5eSFuKreSOAIBNUleu6JrLi1KKqVIj527UJtl8SOPrrN9sUWEvQnR7k8T9uZVo6ZTPaA9Ts0AP97aHNmeWEdRD9Tz0wKCzFT-2F5s2Z-2FCMCLF-2BUY-2F7yvAy1Spavmy5rOfhdtgC48AqGUNZ69IxIbcgCo36Osr8PnVQtNxKk-3Dck5X_wpqQ2WcS-2FTzgSrvxM8UHDetjfCFgHfuIxVzML9eO2lwIPoEyH273FaJ0jkibRH-2Fhp4JWwSnIOL8-2FTbIemxt55kUwl06ZTgHbRATHDru0zgcTAhuIg1a0MJs6gRjsO3fBiBnzT5aIvsI-2B4gQjxht-2FHAuyKODpj3uwZWQeYp60J2g80ZTYu65dUPZtIomjwu-2B-2F3bqqrN6BQ5YSA6XZmOASr1phc5-2FShsj5gT6qbeSePOl43MxjsVUo9JKUcosau-2FKD3mNBY4MHs-2B4kIxPUG0M4xmH7CpWdPjOpgphvFa13IaLIMA6CeFZ35nXodHn5-2BDGEsgwDBeTXT1knmUxPiw85ut0InJFGs-2FMakqwJCFta1B3ryqUwBVSrhYASYjj5cFtKoSPMdDhyJR-2FjiWep-2Fpn1-2Bg-3D-3D
[INFO] 22-02-2025 20:06:14 [LogUtils] - ExtentTest instance is null. Test info: Opening a new browser instance to perform additional actions
[INFO] 22-02-2025 20:06:14 [LogUtils] - Test info: Opening a new browser instance to perform additional actions
[INFO] 22-02-2025 20:06:18 [LogUtils] - Opened new browser instance for additional actions.
[ERROR] 22-02-2025 20:06:18 [LogUtils] - Failed to capture screenshot: Illegal char <:> at index 42: screenshots\newBrowserOpened_22/02/2025 20:06:18.png
[INFO] 22-02-2025 20:06:18 [LogUtils] - Navigating to URL: https://u24054449.ct.sendgrid.net/ls/click?upn=u001.uKTWfX-2BO7Cb7TshAM6sZKbEPm9EMqm9C4ZEtr6uuLun9WzqgtnF82p3mwtRkl8l6HmV8ei5eSFuKreSOAIBNUleu6JrLi1KKqVIj527UJtl8SOPrrN9sUWEvQnR7k8T9uZVo6ZTPaA9Ts0AP97aHNmeWEdRD9Tz0wKCzFT-2F5s2Z-2FCMCLF-2BUY-2F7yvAy1Spavmy5rOfhdtgC48AqGUNZ69IxIbcgCo36Osr8PnVQtNxKk-3Dck5X_wpqQ2WcS-2FTzgSrvxM8UHDetjfCFgHfuIxVzML9eO2lwIPoEyH273FaJ0jkibRH-2Fhp4JWwSnIOL8-2FTbIemxt55kUwl06ZTgHbRATHDru0zgcTAhuIg1a0MJs6gRjsO3fBiBnzT5aIvsI-2B4gQjxht-2FHAuyKODpj3uwZWQeYp60J2g80ZTYu65dUPZtIomjwu-2B-2F3bqqrN6BQ5YSA6XZmOASr1phc5-2FShsj5gT6qbeSePOl43MxjsVUo9JKUcosau-2FKD3mNBY4MHs-2B4kIxPUG0M4xmH7CpWdPjOpgphvFa13IaLIMA6CeFZ35nXodHn5-2BDGEsgwDBeTXT1knmUxPiw85ut0InJFGs-2FMakqwJCFta1B3ryqUwBVSrhYASYjj5cFtKoSPMdDhyJR-2FjiWep-2Fpn1-2Bg-3D-3D
[INFO] 22-02-2025 20:06:18 [LogUtils] - ExtentTest instance is null. Test info: Navigating to URL: https://u24054449.ct.sendgrid.net/ls/click?upn=u001.uKTWfX-2BO7Cb7TshAM6sZKbEPm9EMqm9C4ZEtr6uuLun9WzqgtnF82p3mwtRkl8l6HmV8ei5eSFuKreSOAIBNUleu6JrLi1KKqVIj527UJtl8SOPrrN9sUWEvQnR7k8T9uZVo6ZTPaA9Ts0AP97aHNmeWEdRD9Tz0wKCzFT-2F5s2Z-2FCMCLF-2BUY-2F7yvAy1Spavmy5rOfhdtgC48AqGUNZ69IxIbcgCo36Osr8PnVQtNxKk-3Dck5X_wpqQ2WcS-2FTzgSrvxM8UHDetjfCFgHfuIxVzML9eO2lwIPoEyH273FaJ0jkibRH-2Fhp4JWwSnIOL8-2FTbIemxt55kUwl06ZTgHbRATHDru0zgcTAhuIg1a0MJs6gRjsO3fBiBnzT5aIvsI-2B4gQjxht-2FHAuyKODpj3uwZWQeYp60J2g80ZTYu65dUPZtIomjwu-2B-2F3bqqrN6BQ5YSA6XZmOASr1phc5-2FShsj5gT6qbeSePOl43MxjsVUo9JKUcosau-2FKD3mNBY4MHs-2B4kIxPUG0M4xmH7CpWdPjOpgphvFa13IaLIMA6CeFZ35nXodHn5-2BDGEsgwDBeTXT1knmUxPiw85ut0InJFGs-2FMakqwJCFta1B3ryqUwBVSrhYASYjj5cFtKoSPMdDhyJR-2FjiWep-2Fpn1-2Bg-3D-3D
[INFO] 22-02-2025 20:06:18 [LogUtils] - Test info: Navigating to URL: https://u24054449.ct.sendgrid.net/ls/click?upn=u001.uKTWfX-2BO7Cb7TshAM6sZKbEPm9EMqm9C4ZEtr6uuLun9WzqgtnF82p3mwtRkl8l6HmV8ei5eSFuKreSOAIBNUleu6JrLi1KKqVIj527UJtl8SOPrrN9sUWEvQnR7k8T9uZVo6ZTPaA9Ts0AP97aHNmeWEdRD9Tz0wKCzFT-2F5s2Z-2FCMCLF-2BUY-2F7yvAy1Spavmy5rOfhdtgC48AqGUNZ69IxIbcgCo36Osr8PnVQtNxKk-3Dck5X_wpqQ2WcS-2FTzgSrvxM8UHDetjfCFgHfuIxVzML9eO2lwIPoEyH273FaJ0jkibRH-2Fhp4JWwSnIOL8-2FTbIemxt55kUwl06ZTgHbRATHDru0zgcTAhuIg1a0MJs6gRjsO3fBiBnzT5aIvsI-2B4gQjxht-2FHAuyKODpj3uwZWQeYp60J2g80ZTYu65dUPZtIomjwu-2B-2F3bqqrN6BQ5YSA6XZmOASr1phc5-2FShsj5gT6qbeSePOl43MxjsVUo9JKUcosau-2FKD3mNBY4MHs-2B4kIxPUG0M4xmH7CpWdPjOpgphvFa13IaLIMA6CeFZ35nXodHn5-2BDGEsgwDBeTXT1knmUxPiw85ut0InJFGs-2FMakqwJCFta1B3ryqUwBVSrhYASYjj5cFtKoSPMdDhyJR-2FjiWep-2Fpn1-2Bg-3D-3D
[ERROR] 22-02-2025 20:06:21 [LogUtils] - Failed to capture screenshot: Illegal char <:> at index 34: screenshots\navigate_22/02/2025 20:06:21.png
[INFO] 22-02-2025 20:06:21 [LogUtils] - ExtentTest instance is null. Test info: Filling text into element with selector: input[placeholder="New Password"] | Value: 123456
[INFO] 22-02-2025 20:06:21 [LogUtils] - Test info: Filling text into element with selector: input[placeholder="New Password"] | Value: 123456
[INFO] 22-02-2025 20:06:21 [LogUtils] - Filled element with selector: input[placeholder="New Password"] with text: 123456
[ERROR] 22-02-2025 20:06:21 [LogUtils] - Failed to capture screenshot: Illegal char <:> at index 33: screenshots\setText_22/02/2025 20:06:21.png
[INFO] 22-02-2025 20:06:21 [LogUtils] - ExtentTest instance is null. Test info: Filling text into element with selector: input[placeholder="Confirm Password"] | Value: 123456
[INFO] 22-02-2025 20:06:21 [LogUtils] - Test info: Filling text into element with selector: input[placeholder="Confirm Password"] | Value: 123456
[INFO] 22-02-2025 20:06:21 [LogUtils] - Filled element with selector: input[placeholder="Confirm Password"] with text: 123456
[ERROR] 22-02-2025 20:06:21 [LogUtils] - Failed to capture screenshot: Illegal char <:> at index 33: screenshots\setText_22/02/2025 20:06:21.png
[INFO] 22-02-2025 20:06:21 [LogUtils] - ExtentTest instance is null. Test info: Clicking element with selector: #createAdminAccountForm > button > span
[INFO] 22-02-2025 20:06:21 [LogUtils] - Test info: Clicking element with selector: #createAdminAccountForm > button > span
[INFO] 22-02-2025 20:06:22 [LogUtils] - Clicked element with selector: #createAdminAccountForm > button > span
[ERROR] 22-02-2025 20:06:22 [LogUtils] - Failed to capture screenshot: Illegal char <:> at index 38: screenshots\clickElement_22/02/2025 20:06:22.png
[ERROR] 22-02-2025 20:06:30 [LogUtils] - Failed to capture screenshot: Illegal char <:> at index 54: screenshots\actionsPerformedInNewBrowser_22/02/2025 20:06:30.png
[INFO] 22-02-2025 20:06:31 [LogUtils] - Returned to original browser instance.
[INFO] 22-02-2025 20:06:31 [LogUtils] - ExtentTest instance is null. Test info: Returned to original browser instance.
[INFO] 22-02-2025 20:06:31 [LogUtils] - Test info: Returned to original browser instance.
[ERROR] 22-02-2025 20:06:31 [LogUtils] - Failed to capture screenshot: Illegal char <:> at index 51: screenshots\returnedToOriginalBrowser_22/02/2025 20:06:31.png
]]></system-out>
    <system-err><![CDATA[Feb 22, 2025 8:06:12 PM org.glassfish.jersey.logging.LoggingInterceptor log
SEVERE: 1 * Sending client request on thread main
1 > GET https://api.mailinator.com/v2/domains/private/inboxes/
1 > Accept: application/json
1 > Authorization: 947fc29e9d3b4c4b80be0e65f27fd8db

Feb 22, 2025 8:06:14 PM org.glassfish.jersey.logging.LoggingInterceptor log
SEVERE: 1 * Client response received on thread main
1 < 200
1 < access-control-allow-origin: *
1 < Cache-Control: private
1 < cf-cache-status: DYNAMIC
1 < CF-RAY: 915fb5053e04a92f-MAA
1 < Connection: keep-alive
1 < Content-Length: 772
1 < Content-Type: application/json
1 < Date: Sat, 22 Feb 2025 14:36:13 GMT
1 < expect-ct: max-age=86400, enforce
1 < expires: Thu, 01 Jan 1970 00:00:00 GMT
1 < referrer-policy: same-origin
1 < Server: cloudflare
1 < Set-Cookie: SERVERID=s3; path=/; HttpOnly,JSESSIONID=node01ptn5ymayapmamcehbiqc2juw462032.node0;Path=/;Secure;HttpOnly
1 < Strict-Transport-Security: max-age=15552000; includeSubDomains
1 < x-content-type-options: nosniff
1 < x-frame-options: SAMEORIGIN
1 < x-xss-protection: 1; mode=block
{"msgs":[{"subject":"Onboarding Invite","domain":"qacyber.testinator.com","origfrom":"no-reply@withassured.com","from":"no-reply@withassured.com","id":"abc-1740222182-09715539105903","source":"EMAIL","to":"abc","time":1740222182000,"seconds_ago":12791},{"subject":"Onboarding Invite","domain":"qacyber.testinator.com","origfrom":"no-reply@withassured.com","from":"no-reply@withassured.com","id":"abc1-1739950473-096790445903","source":"EMAIL","to":"abc1","time":1739950473000,"seconds_ago":284500},{"subject":"Onboarding Invite","domain":"qacyber.testinator.com","origfrom":"no-reply@withassured.com","from":"no-reply@withassured.com","id":"abc-1738505275-0961552951903","source":"EMAIL","to":"abc","time":1

Feb 22, 2025 8:06:14 PM org.glassfish.jersey.logging.LoggingInterceptor log
SEVERE: 2 * Sending client request on thread main
2 > GET https://api.mailinator.com/v2/domains/private/inboxes/abc1/messages/abc-1740222182-09715539105903/links
2 > Accept: application/json
2 > Authorization: 947fc29e9d3b4c4b80be0e65f27fd8db

Feb 22, 2025 8:06:14 PM org.glassfish.jersey.logging.LoggingInterceptor log
SEVERE: 2 * Client response received on thread main
2 < 200
2 < access-control-allow-origin: *
2 < Cache-Control: private
2 < cf-cache-status: DYNAMIC
2 < CF-RAY: 915fb50cfeafa92f-MAA
2 < Connection: keep-alive
2 < Content-Length: 765
2 < Content-Type: application/json
2 < Date: Sat, 22 Feb 2025 14:36:14 GMT
2 < expect-ct: max-age=86400, enforce
2 < expires: Thu, 01 Jan 1970 00:00:00 GMT
2 < referrer-policy: same-origin
2 < Server: cloudflare
2 < Set-Cookie: SERVERID=s2; path=/; HttpOnly,JSESSIONID=node01vzina6trcump5d7njepv8dqd516983.node0;Path=/;Secure;HttpOnly
2 < Strict-Transport-Security: max-age=15552000; includeSubDomains
2 < x-content-type-options: nosniff
2 < x-frame-options: SAMEORIGIN
2 < x-xss-protection: 1; mode=block
{"links":["https:\/\/u24054449.ct.sendgrid.net\/ls\/click?upn=u001.uKTWfX-2BO7Cb7TshAM6sZKbEPm9EMqm9C4ZEtr6uuLun9WzqgtnF82p3mwtRkl8l6HmV8ei5eSFuKreSOAIBNUleu6JrLi1KKqVIj527UJtl8SOPrrN9sUWEvQnR7k8T9uZVo6ZTPaA9Ts0AP97aHNmeWEdRD9Tz0wKCzFT-2F5s2Z-2FCMCLF-2BUY-2F7yvAy1Spavmy5rOfhdtgC48AqGUNZ69IxIbcgCo36Osr8PnVQtNxKk-3Dck5X_wpqQ2WcS-2FTzgSrvxM8UHDetjfCFgHfuIxVzML9eO2lwIPoEyH273FaJ0jkibRH-2Fhp4JWwSnIOL8-2FTbIemxt55kUwl06ZTgHbRATHDru0zgcTAhuIg1a0MJs6gRjsO3fBiBnzT5aIvsI-2B4gQjxht-2FHAuyKODpj3uwZWQeYp60J2g80ZTYu65dUPZtIomjwu-2B-2F3bqqrN6BQ5YSA6XZmOASr1phc5-2FShsj5gT6qbeSePOl43MxjsVUo9JKUcosau-2FKD3mNBY4MHs-2B4kIxPUG0M4xmH7CpWdPjOpgphvFa13IaLIMA6CeFZ35nXodHn5-2BDGEsgwDBeTXT1knmUxPiw85ut0InJFGs-2FMakqwJCFta1B3

]]></system-err>
  </testcase>
</testsuite>