<?xml version="1.0" encoding="UTF-8"?>
<testng-results ignored="0" total="11" passed="11" failed="0" skipped="0">
  <reporter-output>
  </reporter-output>
  <suite started-at="2025-02-22T20:56:38 IST" name="Regression Tests " finished-at="2025-02-22T20:58:19 IST" duration-ms="100804">
    <groups>
    </groups>
    <test started-at="2025-02-22T20:56:38 IST" name="SignIn Test" finished-at="2025-02-22T20:58:19 IST" duration-ms="100804">
      <class name="com.assured.tests.T01_LoginTest">
        <test-method is-config="true" signature="createDriver(java.lang.String)[pri:0, instance:com.assured.tests.T01_LoginTest@30f842ca]" started-at="2025-02-22T20:56:40 IST" name="createDriver" finished-at="2025-02-22T20:56:56 IST" duration-ms="16144" status="PASS">
          <params>
            <param index="0">
              <value>
                <![CDATA[chrome]]>
              </value>
            </param>
          </params>
          <reporter-output>
          </reporter-output>
        </test-method> <!-- createDriver -->
        <test-method is-config="true" signature="createDriver(java.lang.String)[pri:0, instance:com.assured.tests.T01_LoginTest@30f842ca]" started-at="2025-02-22T20:56:40 IST" name="createDriver" finished-at="2025-02-22T20:56:58 IST" duration-ms="18850" status="PASS">
          <params>
            <param index="0">
              <value>
                <![CDATA[chrome]]>
              </value>
            </param>
          </params>
          <reporter-output>
          </reporter-output>
        </test-method> <!-- createDriver -->
        <test-method is-config="true" signature="createDriver(java.lang.String)[pri:0, instance:com.assured.tests.T01_LoginTest@30f842ca]" started-at="2025-02-22T20:56:40 IST" name="createDriver" finished-at="2025-02-22T20:57:02 IST" duration-ms="22955" status="PASS">
          <params>
            <param index="0">
              <value>
                <![CDATA[chrome]]>
              </value>
            </param>
          </params>
          <reporter-output>
          </reporter-output>
        </test-method> <!-- createDriver -->
        <test-method is-config="true" signature="createDriver(java.lang.String)[pri:0, instance:com.assured.tests.T01_LoginTest@30f842ca]" started-at="2025-02-22T20:56:40 IST" name="createDriver" finished-at="2025-02-22T20:56:54 IST" duration-ms="14226" status="PASS">
          <params>
            <param index="0">
              <value>
                <![CDATA[chrome]]>
              </value>
            </param>
          </params>
          <reporter-output>
          </reporter-output>
        </test-method> <!-- createDriver -->
        <test-method is-config="true" signature="createDriver(java.lang.String)[pri:0, instance:com.assured.tests.T01_LoginTest@30f842ca]" started-at="2025-02-22T20:56:40 IST" name="createDriver" finished-at="2025-02-22T20:57:04 IST" duration-ms="24677" status="PASS">
          <params>
            <param index="0">
              <value>
                <![CDATA[chrome]]>
              </value>
            </param>
          </params>
          <reporter-output>
          </reporter-output>
        </test-method> <!-- createDriver -->
        <test-method signature="loginWithValidCredentials(java.util.Hashtable)[pri:1, instance:com.assured.tests.T01_LoginTest@30f842ca]" started-at="2025-02-22T20:56:54 IST" name="loginWithValidCredentials" description="TC01_signInWithDataProvider" data-provider="getSignInDataHashTable" finished-at="2025-02-22T20:57:00 IST" duration-ms="5496" status="PASS">
          <params>
            <param index="0">
              <value>
                <![CDATA[{EMAIL=abc@abc.com, PASSWORD=12Bcd}]]>
              </value>
            </param>
          </params>
          <reporter-output>
          </reporter-output>
        </test-method> <!-- loginWithValidCredentials -->
        <test-method signature="loginWithValidCredentials(java.util.Hashtable)[pri:1, instance:com.assured.tests.T01_LoginTest@30f842ca]" started-at="2025-02-22T20:56:56 IST" name="loginWithValidCredentials" description="TC01_signInWithDataProvider" data-provider="getSignInDataHashTable" finished-at="2025-02-22T20:57:02 IST" duration-ms="6721" status="PASS">
          <params>
            <param index="0">
              <value>
                <![CDATA[{EMAIL=cashierngan023@gmail.com, PASSWORD=abc12}]]>
              </value>
            </param>
          </params>
          <reporter-output>
          </reporter-output>
        </test-method> <!-- loginWithValidCredentials -->
        <test-method signature="loginWithValidCredentials(java.util.Hashtable)[pri:1, instance:com.assured.tests.T01_LoginTest@30f842ca]" started-at="2025-02-22T20:56:58 IST" name="loginWithValidCredentials" description="TC01_signInWithDataProvider" data-provider="getSignInDataHashTable" finished-at="2025-02-22T20:57:05 IST" duration-ms="6981" status="PASS">
          <params>
            <param index="0">
              <value>
                <![CDATA[{EMAIL=hjkl@ik.com, PASSWORD=sdkjf1231}]]>
              </value>
            </param>
          </params>
          <reporter-output>
          </reporter-output>
        </test-method> <!-- loginWithValidCredentials -->
        <test-method is-config="true" signature="closeDriver()[pri:0, instance:com.assured.tests.T01_LoginTest@30f842ca]" started-at="2025-02-22T20:57:02 IST" name="closeDriver" finished-at="2025-02-22T20:57:09 IST" duration-ms="7565" status="PASS">
          <reporter-output>
          </reporter-output>
        </test-method> <!-- closeDriver -->
        <test-method signature="loginWithValidCredentials(java.util.Hashtable)[pri:1, instance:com.assured.tests.T01_LoginTest@30f842ca]" started-at="2025-02-22T20:57:02 IST" name="loginWithValidCredentials" description="TC01_signInWithDataProvider" data-provider="getSignInDataHashTable" finished-at="2025-02-22T20:57:08 IST" duration-ms="5936" status="PASS">
          <params>
            <param index="0">
              <value>
                <![CDATA[{EMAIL=qazdqsd@lk.com, PASSWORD=abc32}]]>
              </value>
            </param>
          </params>
          <reporter-output>
          </reporter-output>
        </test-method> <!-- loginWithValidCredentials -->
        <test-method is-config="true" signature="closeDriver()[pri:0, instance:com.assured.tests.T01_LoginTest@30f842ca]" started-at="2025-02-22T20:57:04 IST" name="closeDriver" finished-at="2025-02-22T20:57:11 IST" duration-ms="7229" status="PASS">
          <reporter-output>
          </reporter-output>
        </test-method> <!-- closeDriver -->
        <test-method signature="loginWithValidCredentials(java.util.Hashtable)[pri:1, instance:com.assured.tests.T01_LoginTest@30f842ca]" started-at="2025-02-22T20:57:04 IST" name="loginWithValidCredentials" description="TC01_signInWithDataProvider" data-provider="getSignInDataHashTable" finished-at="2025-02-22T20:57:10 IST" duration-ms="5320" status="PASS">
          <params>
            <param index="0">
              <value>
                <![CDATA[{EMAIL=bbcd@lk.com, PASSWORD=789ght}]]>
              </value>
            </param>
          </params>
          <reporter-output>
          </reporter-output>
        </test-method> <!-- loginWithValidCredentials -->
        <test-method is-config="true" signature="closeDriver()[pri:0, instance:com.assured.tests.T01_LoginTest@30f842ca]" started-at="2025-02-22T20:57:07 IST" name="closeDriver" finished-at="2025-02-22T20:57:11 IST" duration-ms="4196" status="PASS">
          <reporter-output>
          </reporter-output>
        </test-method> <!-- closeDriver -->
        <test-method is-config="true" signature="tearDown()[pri:0, instance:com.assured.tests.T01_LoginTest@30f842ca]" started-at="2025-02-22T20:57:09 IST" name="tearDown" finished-at="2025-02-22T20:57:09 IST" duration-ms="1" status="PASS">
          <reporter-output>
          </reporter-output>
        </test-method> <!-- tearDown -->
        <test-method is-config="true" signature="closeDriver()[pri:0, instance:com.assured.tests.T01_LoginTest@30f842ca]" started-at="2025-02-22T20:57:10 IST" name="closeDriver" finished-at="2025-02-22T20:57:13 IST" duration-ms="2845" status="PASS">
          <reporter-output>
          </reporter-output>
        </test-method> <!-- closeDriver -->
        <test-method is-config="true" signature="tearDown()[pri:0, instance:com.assured.tests.T01_LoginTest@30f842ca]" started-at="2025-02-22T20:57:11 IST" name="tearDown" finished-at="2025-02-22T20:57:11 IST" duration-ms="1" status="PASS">
          <reporter-output>
          </reporter-output>
        </test-method> <!-- tearDown -->
        <test-method is-config="true" signature="closeDriver()[pri:0, instance:com.assured.tests.T01_LoginTest@30f842ca]" started-at="2025-02-22T20:57:11 IST" name="closeDriver" finished-at="2025-02-22T20:57:13 IST" duration-ms="1878" status="PASS">
          <reporter-output>
          </reporter-output>
        </test-method> <!-- closeDriver -->
        <test-method is-config="true" signature="tearDown()[pri:0, instance:com.assured.tests.T01_LoginTest@30f842ca]" started-at="2025-02-22T20:57:11 IST" name="tearDown" finished-at="2025-02-22T20:57:11 IST" duration-ms="3" status="PASS">
          <reporter-output>
          </reporter-output>
        </test-method> <!-- tearDown -->
        <test-method is-config="true" signature="tearDown()[pri:0, instance:com.assured.tests.T01_LoginTest@30f842ca]" started-at="2025-02-22T20:57:13 IST" name="tearDown" finished-at="2025-02-22T20:57:13 IST" duration-ms="1" status="PASS">
          <reporter-output>
          </reporter-output>
        </test-method> <!-- tearDown -->
        <test-method is-config="true" signature="tearDown()[pri:0, instance:com.assured.tests.T01_LoginTest@30f842ca]" started-at="2025-02-22T20:57:13 IST" name="tearDown" finished-at="2025-02-22T20:57:13 IST" duration-ms="1" status="PASS">
          <reporter-output>
          </reporter-output>
        </test-method> <!-- tearDown -->
        <test-method is-config="true" signature="createDriver(java.lang.String)[pri:0, instance:com.assured.tests.T01_LoginTest@30f842ca]" started-at="2025-02-22T20:57:13 IST" name="createDriver" finished-at="2025-02-22T20:57:26 IST" duration-ms="13047" status="PASS">
          <params>
            <param index="0">
              <value>
                <![CDATA[chrome]]>
              </value>
            </param>
          </params>
          <reporter-output>
          </reporter-output>
        </test-method> <!-- createDriver -->
        <test-method is-config="true" signature="createDriver(java.lang.String)[pri:0, instance:com.assured.tests.T01_LoginTest@30f842ca]" started-at="2025-02-22T20:57:13 IST" name="createDriver" finished-at="2025-02-22T20:57:23 IST" duration-ms="10072" status="PASS">
          <params>
            <param index="0">
              <value>
                <![CDATA[chrome]]>
              </value>
            </param>
          </params>
          <reporter-output>
          </reporter-output>
        </test-method> <!-- createDriver -->
        <test-method is-config="true" signature="createDriver(java.lang.String)[pri:0, instance:com.assured.tests.T01_LoginTest@30f842ca]" started-at="2025-02-22T20:57:13 IST" name="createDriver" finished-at="2025-02-22T20:57:27 IST" duration-ms="14392" status="PASS">
          <params>
            <param index="0">
              <value>
                <![CDATA[chrome]]>
              </value>
            </param>
          </params>
          <reporter-output>
          </reporter-output>
        </test-method> <!-- createDriver -->
        <test-method is-config="true" signature="createDriver(java.lang.String)[pri:0, instance:com.assured.tests.T01_LoginTest@30f842ca]" started-at="2025-02-22T20:57:13 IST" name="createDriver" finished-at="2025-02-22T20:57:18 IST" duration-ms="4767" status="PASS">
          <params>
            <param index="0">
              <value>
                <![CDATA[chrome]]>
              </value>
            </param>
          </params>
          <reporter-output>
          </reporter-output>
        </test-method> <!-- createDriver -->
        <test-method is-config="true" signature="createDriver(java.lang.String)[pri:0, instance:com.assured.tests.T01_LoginTest@30f842ca]" started-at="2025-02-22T20:57:13 IST" name="createDriver" finished-at="2025-02-22T20:57:20 IST" duration-ms="6609" status="PASS">
          <params>
            <param index="0">
              <value>
                <![CDATA[chrome]]>
              </value>
            </param>
          </params>
          <reporter-output>
          </reporter-output>
        </test-method> <!-- createDriver -->
        <test-method signature="loginWithInValidCredentials(java.util.Hashtable)[pri:2, instance:com.assured.tests.T01_LoginTest@30f842ca]" started-at="2025-02-22T20:57:18 IST" name="loginWithInValidCredentials" description="TC02_signInWithDataProvider" data-provider="getSignInDataHashTable" finished-at="2025-02-22T20:57:22 IST" duration-ms="4612" status="PASS">
          <params>
            <param index="0">
              <value>
                <![CDATA[{EMAIL=bbcd@lk.com, PASSWORD=789ght}]]>
              </value>
            </param>
          </params>
          <reporter-output>
          </reporter-output>
        </test-method> <!-- loginWithInValidCredentials -->
        <test-method signature="loginWithInValidCredentials(java.util.Hashtable)[pri:2, instance:com.assured.tests.T01_LoginTest@30f842ca]" started-at="2025-02-22T20:57:20 IST" name="loginWithInValidCredentials" description="TC02_signInWithDataProvider" data-provider="getSignInDataHashTable" finished-at="2025-02-22T20:57:25 IST" duration-ms="5522" status="PASS">
          <params>
            <param index="0">
              <value>
                <![CDATA[{EMAIL=qazdqsd@lk.com, PASSWORD=abc32}]]>
              </value>
            </param>
          </params>
          <reporter-output>
          </reporter-output>
        </test-method> <!-- loginWithInValidCredentials -->
        <test-method signature="loginWithInValidCredentials(java.util.Hashtable)[pri:2, instance:com.assured.tests.T01_LoginTest@30f842ca]" started-at="2025-02-22T20:57:23 IST" name="loginWithInValidCredentials" description="TC02_signInWithDataProvider" data-provider="getSignInDataHashTable" finished-at="2025-02-22T20:57:29 IST" duration-ms="5437" status="PASS">
          <params>
            <param index="0">
              <value>
                <![CDATA[{EMAIL=cashierngan023@gmail.com, PASSWORD=abc12}]]>
              </value>
            </param>
          </params>
          <reporter-output>
          </reporter-output>
        </test-method> <!-- loginWithInValidCredentials -->
        <test-method is-config="true" signature="closeDriver()[pri:0, instance:com.assured.tests.T01_LoginTest@30f842ca]" started-at="2025-02-22T20:57:24 IST" name="closeDriver" finished-at="2025-02-22T20:57:33 IST" duration-ms="8813" status="PASS">
          <reporter-output>
          </reporter-output>
        </test-method> <!-- closeDriver -->
        <test-method signature="loginWithInValidCredentials(java.util.Hashtable)[pri:2, instance:com.assured.tests.T01_LoginTest@30f842ca]" started-at="2025-02-22T20:57:26 IST" name="loginWithInValidCredentials" description="TC02_signInWithDataProvider" data-provider="getSignInDataHashTable" finished-at="2025-02-22T20:57:31 IST" duration-ms="4876" status="PASS">
          <params>
            <param index="0">
              <value>
                <![CDATA[{EMAIL=abc@abc.com, PASSWORD=12Bcd}]]>
              </value>
            </param>
          </params>
          <reporter-output>
          </reporter-output>
        </test-method> <!-- loginWithInValidCredentials -->
        <test-method is-config="true" signature="closeDriver()[pri:0, instance:com.assured.tests.T01_LoginTest@30f842ca]" started-at="2025-02-22T20:57:27 IST" name="closeDriver" finished-at="2025-02-22T20:57:33 IST" duration-ms="6535" status="PASS">
          <reporter-output>
          </reporter-output>
        </test-method> <!-- closeDriver -->
        <test-method signature="loginWithInValidCredentials(java.util.Hashtable)[pri:2, instance:com.assured.tests.T01_LoginTest@30f842ca]" started-at="2025-02-22T20:57:27 IST" name="loginWithInValidCredentials" description="TC02_signInWithDataProvider" data-provider="getSignInDataHashTable" finished-at="2025-02-22T20:57:32 IST" duration-ms="4912" status="PASS">
          <params>
            <param index="0">
              <value>
                <![CDATA[{EMAIL=hjkl@ik.com, PASSWORD=sdkjf1231}]]>
              </value>
            </param>
          </params>
          <reporter-output>
          </reporter-output>
        </test-method> <!-- loginWithInValidCredentials -->
        <test-method is-config="true" signature="closeDriver()[pri:0, instance:com.assured.tests.T01_LoginTest@30f842ca]" started-at="2025-02-22T20:57:30 IST" name="closeDriver" finished-at="2025-02-22T20:57:33 IST" duration-ms="3461" status="PASS">
          <reporter-output>
          </reporter-output>
        </test-method> <!-- closeDriver -->
        <test-method is-config="true" signature="closeDriver()[pri:0, instance:com.assured.tests.T01_LoginTest@30f842ca]" started-at="2025-02-22T20:57:32 IST" name="closeDriver" finished-at="2025-02-22T20:57:34 IST" duration-ms="2162" status="PASS">
          <reporter-output>
          </reporter-output>
        </test-method> <!-- closeDriver -->
        <test-method is-config="true" signature="tearDown()[pri:0, instance:com.assured.tests.T01_LoginTest@30f842ca]" started-at="2025-02-22T20:57:33 IST" name="tearDown" finished-at="2025-02-22T20:57:33 IST" duration-ms="0" status="PASS">
          <reporter-output>
          </reporter-output>
        </test-method> <!-- tearDown -->
        <test-method is-config="true" signature="closeDriver()[pri:0, instance:com.assured.tests.T01_LoginTest@30f842ca]" started-at="2025-02-22T20:57:33 IST" name="closeDriver" finished-at="2025-02-22T20:57:35 IST" duration-ms="1655" status="PASS">
          <reporter-output>
          </reporter-output>
        </test-method> <!-- closeDriver -->
        <test-method is-config="true" signature="tearDown()[pri:0, instance:com.assured.tests.T01_LoginTest@30f842ca]" started-at="2025-02-22T20:57:33 IST" name="tearDown" finished-at="2025-02-22T20:57:33 IST" duration-ms="1" status="PASS">
          <reporter-output>
          </reporter-output>
        </test-method> <!-- tearDown -->
        <test-method is-config="true" signature="tearDown()[pri:0, instance:com.assured.tests.T01_LoginTest@30f842ca]" started-at="2025-02-22T20:57:33 IST" name="tearDown" finished-at="2025-02-22T20:57:33 IST" duration-ms="2" status="PASS">
          <reporter-output>
          </reporter-output>
        </test-method> <!-- tearDown -->
        <test-method is-config="true" signature="tearDown()[pri:0, instance:com.assured.tests.T01_LoginTest@30f842ca]" started-at="2025-02-22T20:57:34 IST" name="tearDown" finished-at="2025-02-22T20:57:34 IST" duration-ms="1" status="PASS">
          <reporter-output>
          </reporter-output>
        </test-method> <!-- tearDown -->
        <test-method is-config="true" signature="tearDown()[pri:0, instance:com.assured.tests.T01_LoginTest@30f842ca]" started-at="2025-02-22T20:57:35 IST" name="tearDown" finished-at="2025-02-22T20:57:35 IST" duration-ms="1" status="PASS">
          <reporter-output>
          </reporter-output>
        </test-method> <!-- tearDown -->
        <test-method is-config="true" signature="createDriver(java.lang.String)[pri:0, instance:com.assured.tests.T01_LoginTest@30f842ca]" started-at="2025-02-22T20:57:35 IST" name="createDriver" finished-at="2025-02-22T20:57:38 IST" duration-ms="3628" status="PASS">
          <params>
            <param index="0">
              <value>
                <![CDATA[chrome]]>
              </value>
            </param>
          </params>
          <reporter-output>
          </reporter-output>
        </test-method> <!-- createDriver -->
        <test-method signature="urlTest()[pri:3, instance:com.assured.tests.T01_LoginTest@30f842ca]" started-at="2025-02-22T20:57:38 IST" name="urlTest" description="TC03_urlTest" finished-at="2025-02-22T20:58:18 IST" duration-ms="40139" status="PASS">
          <reporter-output>
          </reporter-output>
        </test-method> <!-- urlTest -->
        <test-method is-config="true" signature="closeDriver()[pri:0, instance:com.assured.tests.T01_LoginTest@30f842ca]" started-at="2025-02-22T20:58:19 IST" name="closeDriver" finished-at="2025-02-22T20:58:19 IST" duration-ms="24" status="PASS">
          <reporter-output>
          </reporter-output>
        </test-method> <!-- closeDriver -->
        <test-method is-config="true" signature="tearDown()[pri:0, instance:com.assured.tests.T01_LoginTest@30f842ca]" started-at="2025-02-22T20:58:19 IST" name="tearDown" finished-at="2025-02-22T20:58:19 IST" duration-ms="2" status="PASS">
          <reporter-output>
          </reporter-output>
        </test-method> <!-- tearDown -->
      </class> <!-- com.assured.tests.T01_LoginTest -->
    </test> <!-- SignIn Test -->
  </suite> <!-- Regression Tests  -->
  <suite started-at="2025-02-22T20:58:20 IST" name="Regression Test1" finished-at="2025-02-22T20:58:20 IST" duration-ms="0">
    <groups>
    </groups>
  </suite> <!-- Regression Test1 -->
</testng-results>
