<?xml version="1.0" encoding="UTF-8"?>
<!-- Generated by org.testng.reporters.JUnitReportReporter -->
<testsuite hostname="DESKTOP-8DPA8DO" failures="0" tests="11" name="com.assured.tests.T01_LoginTest" time="288.352" errors="0" timestamp="2025-02-22T20:14:06 IST" skipped="0">
  <testcase classname="com.assured.tests.T01_LoginTest" name="loginWithValidCredentials" time="32.653"/>
  <testcase classname="com.assured.tests.T01_LoginTest" name="loginWithValidCredentials" time="15.460"/>
  <testcase classname="com.assured.tests.T01_LoginTest" name="loginWithValidCredentials" time="18.972"/>
  <testcase classname="com.assured.tests.T01_LoginTest" name="loginWithValidCredentials" time="14.423"/>
  <testcase classname="com.assured.tests.T01_LoginTest" name="loginWithValidCredentials" time="23.077"/>
  <testcase classname="com.assured.tests.T01_LoginTest" name="loginWithInValidCredentials" time="31.915"/>
  <testcase classname="com.assured.tests.T01_LoginTest" name="loginWithInValidCredentials" time="12.167"/>
  <testcase classname="com.assured.tests.T01_LoginTest" name="loginWithInValidCredentials" time="23.744"/>
  <testcase classname="com.assured.tests.T01_LoginTest" name="loginWithInValidCredentials" time="26.523"/>
  <testcase classname="com.assured.tests.T01_LoginTest" name="loginWithInValidCredentials" time="23.439"/>
  <testcase classname="com.assured.tests.T01_LoginTest" name="urlTest" time="65.979"/>
</testsuite> <!-- com.assured.tests.T01_LoginTest -->
