<?xml version="1.0" encoding="UTF-8"?>
<!-- Generated by org.testng.reporters.JUnitReportReporter -->
<testsuite hostname="DESKTOP-8DPA8DO" failures="0" tests="12" name="com.assured.tests.T01_LoginTest" time="468.322" errors="1" timestamp="2025-02-25T09:24:59 IST" skipped="1">
  <testcase classname="com.assured.tests.T01_LoginTest" name="loginWithValidCredentials" time="18.196"/>
  <testcase classname="com.assured.tests.T01_LoginTest" name="loginWithValidCredentials" time="67.360"/>
  <testcase classname="com.assured.tests.T01_LoginTest" name="loginWithValidCredentials" time="61.600"/>
  <testcase classname="com.assured.tests.T01_LoginTest" name="loginWithValidCredentials" time="25.140"/>
  <testcase classname="com.assured.tests.T01_LoginTest" name="loginWithValidCredentials" time="55.945"/>
  <testcase classname="com.assured.tests.T01_LoginTest" name="loginWithInValidCredentials" time="32.490"/>
  <testcase classname="com.assured.tests.T01_LoginTest" name="loginWithInValidCredentials" time="15.457"/>
  <testcase classname="com.assured.tests.T01_LoginTest" name="loginWithInValidCredentials" time="26.320"/>
  <testcase classname="com.assured.tests.T01_LoginTest" name="loginWithInValidCredentials" time="68.185"/>
  <testcase classname="com.assured.tests.T01_LoginTest" name="loginWithInValidCredentials" time="48.061"/>
  <testcase classname="com.assured.tests.T01_LoginTest" name="urlTest" time="24.596">
    <error message="com.mailosaur.MailosaurException: Authentication failed, check your API key." type="java.lang.RuntimeException">
      <![CDATA[java.lang.RuntimeException: com.mailosaur.MailosaurException: Authentication failed, check your API key.
at com.assured.pages.P01_LoginPage.login(P01_LoginPage.java:98)
at com.assured.tests.T01_LoginTest.urlTest(T01_LoginTest.java:47)
at java.base/jdk.internal.reflect.NativeMethodAccessorImpl.invoke0(Native Method)
at java.base/jdk.internal.reflect.NativeMethodAccessorImpl.invoke(NativeMethodAccessorImpl.java:77)
at java.base/jdk.internal.reflect.DelegatingMethodAccessorImpl.invoke(DelegatingMethodAccessorImpl.java:43)
at java.base/java.lang.reflect.Method.invoke(Method.java:568)
at org.testng.internal.invokers.MethodInvocationHelper.invokeMethod(MethodInvocationHelper.java:141)
at org.testng.internal.invokers.TestInvoker.invokeMethod(TestInvoker.java:686)
at org.testng.internal.invokers.TestInvoker.retryFailed(TestInvoker.java:269)
at org.testng.internal.invokers.MethodRunner.runInSequence(MethodRunner.java:76)
at org.testng.internal.invokers.TestInvoker$MethodInvocationAgent.invoke(TestInvoker.java:992)
at org.testng.internal.invokers.TestInvoker.invokeTestMethods(TestInvoker.java:203)
at org.testng.internal.invokers.TestMethodWorker.invokeTestMethods(TestMethodWorker.java:154)
at org.testng.internal.invokers.TestMethodWorker.run(TestMethodWorker.java:134)
at java.base/java.util.ArrayList.forEach(ArrayList.java:1511)
at org.testng.TestRunner.privateRun(TestRunner.java:739)
at org.testng.TestRunner.run(TestRunner.java:614)
at org.testng.SuiteRunner.runTest(SuiteRunner.java:421)
at org.testng.SuiteRunner.runSequentially(SuiteRunner.java:413)
at org.testng.SuiteRunner.privateRun(SuiteRunner.java:373)
at org.testng.SuiteRunner.run(SuiteRunner.java:312)
at org.testng.SuiteRunnerWorker.runSuite(SuiteRunnerWorker.java:52)
at org.testng.SuiteRunnerWorker.run(SuiteRunnerWorker.java:95)
at org.testng.TestNG.runSuitesSequentially(TestNG.java:1274)
at org.testng.TestNG.runSuitesSequentially(TestNG.java:1269)
at org.testng.TestNG.runSuitesLocally(TestNG.java:1208)
at org.testng.TestNG.runSuites(TestNG.java:1112)
at org.testng.TestNG.run(TestNG.java:1079)
at org.apache.maven.surefire.testng.TestNGExecutor.run(TestNGExecutor.java:308)
at org.apache.maven.surefire.testng.TestNGXmlTestSuite.execute(TestNGXmlTestSuite.java:71)
at org.apache.maven.surefire.testng.TestNGProvider.invoke(TestNGProvider.java:113)
at org.apache.maven.surefire.booter.ForkedBooter.runSuitesInProcess(ForkedBooter.java:385)
at org.apache.maven.surefire.booter.ForkedBooter.execute(ForkedBooter.java:162)
at org.apache.maven.surefire.booter.ForkedBooter.run(ForkedBooter.java:507)
at org.apache.maven.surefire.booter.ForkedBooter.main(ForkedBooter.java:495)
Caused by: com.mailosaur.MailosaurException: Authentication failed, check your API key.
at com.mailosaur.MailosaurClient.request(MailosaurClient.java:193)
at com.mailosaur.Messages.search(Messages.java:317)
at com.mailosaur.Messages.get(Messages.java:56)
at com.assured.services.PageActions.getMailUrl(PageActions.java:1005)
at com.assured.pages.P01_LoginPage.login(P01_LoginPage.java:96)
... 34 more
]]>
    </error>
  </testcase> <!-- urlTest -->
  <testcase classname="com.assured.tests.T01_LoginTest" name="urlTest" time="24.972">
    <skipped/>
  </testcase> <!-- urlTest -->
</testsuite> <!-- com.assured.tests.T01_LoginTest -->
